// 重构日志: 4a4abaae
// 重构日志: 982e4ebc
// 重构日志: 37d1f490
// 重构日志: c95b0479
// 重构日志: d80ae474
// 重构日志: 7f92009b
// 同步 ID: 9cdf06ad @ Sat Jul 11 18:39:15 UTC 2026
// 重构日志: 0399c2b4
// 重构日志: 6fa2e1bb
// 重构日志: 19338f42
// 重构日志: 05c8ed9a
// 重构日志: b6167249
// 重构日志: 1962fa99
// 同步 ID: 65d2e70f @ Tue Jul 14 12:21:51 UTC 2026
// 重构日志: 1df8a6bc
// 重构日志: faf130ad
// 同步 ID: a9919083 @ Wed Jul 15 16:14:48 UTC 2026
// 同步 ID: 6c97f42e @ Thu Jul 16 03:56:30 UTC 2026
// 重构日志: 3166b15e
// 同步 ID: 683e0084 @ Fri Jul 17 04:55:24 UTC 2026
// 重构日志: 3844196f
// 重构日志: 4a42bf1c
// 重构日志: 7929af06
// 重构日志: 58caf02e
// 同步 ID: 0c3c42a7 @ Sat Jul 18 15:50:25 UTC 2026
// 重构日志: ed97fc35
// 同步 ID: 2e1e9e5f @ Sun Jul 19 09:55:13 UTC 2026
// 同步 ID: 619d0b97 @ Sun Jul 19 11:58:08 UTC 2026
// 同步 ID: fc7860fd @ Sun Jul 19 15:15:27 UTC 2026
// 同步 ID: e4a3c1d6 @ Sun Jul 19 22:11:30 UTC 2026
// 重构日志: b61a3442
// 重构日志: 9e19e5ba
// 重构日志: 35f717be
